<?xml version="1.0" encoding="UTF-8"?>
<!-- Generated by org.testng.reporters.JUnitReportReporter -->
<testsuite hostname="DESKTOP-UO4QAT6" failures="0" tests="1" name="com.singtel.automation.test.testcases.cucumber.TestRunner" time="29.726" errors="0" timestamp="2022-08-14T19:16:41 IST" skipped="0">
  <testcase classname="com.singtel.automation.test.testcases.cucumber.TestRunner" name="parallelRun" time="29.726"/>
  <system-out/>
</testsuite> <!-- com.singtel.automation.test.testcases.cucumber.TestRunner -->
